#! /usr/bin/vvp
:ivl_version "12.0 (stable)";
:ivl_delay_selection "TYPICAL";
:vpi_time_precision + 0;
:vpi_module "/usr/lib64/ivl/system.vpi";
:vpi_module "/usr/lib64/ivl/vhdl_sys.vpi";
:vpi_module "/usr/lib64/ivl/vhdl_textio.vpi";
:vpi_module "/usr/lib64/ivl/v2005_math.vpi";
:vpi_module "/usr/lib64/ivl/va_math.vpi";
:vpi_module "/usr/lib64/ivl/v2009.vpi";
S_0x55587411edb0 .scope package, "$unit" "$unit" 2 1;
 .timescale 0 0;
S_0x55587411ef40 .scope module, "stack_behaviour_tb" "stack_behaviour_tb" 3 8;
 .timescale 0 0;
v0x555874146260_0 .var "CLK", 0 0;
v0x555874146320_0 .var "COMMAND", 1 0;
v0x5558741463c0_0 .var "INDEX", 2 0;
v0x555874146490_0 .var "I_DATA", 3 0;
v0x555874146530_0 .var/str "OUTCSV";
RS_0x7fa09d8df0d8 .resolv tri, v0x555874146490_0, L_0x555874146d20;
v0x5558741465f0_0 .net8 "O_DATA", 3 0, RS_0x7fa09d8df0d8;  2 drivers
v0x5558741466b0_0 .var "RESET", 0 0;
v0x555874146780_0 .var/i "TIMES", 31 0;
v0x555874146820_0 .var/i "fd", 31 0;
v0x555874146990_0 .var/i "i", 31 0;
v0x555874146a70_0 .var/i "k", 31 0;
E_0x5558741179a0 .event anyedge, v0x555874145690_0;
S_0x5558740dd660 .scope module, "_stack" "stack_behaviour_normal" 3 16, 4 1 0, S_0x55587411ef40;
 .timescale 0 0;
    .port_info 0 /INOUT 4 "IO_DATA";
    .port_info 1 /INPUT 1 "RESET";
    .port_info 2 /INPUT 1 "CLK";
    .port_info 3 /INPUT 2 "COMMAND";
    .port_info 4 /INPUT 3 "INDEX";
L_0x555874146be0 .functor AND 1, v0x555874146100_0, v0x555874146260_0, C4<1>, C4<1>;
v0x555874145690_0 .net "CLK", 0 0, v0x555874146260_0;  1 drivers
v0x555874145770_0 .net "COMMAND", 1 0, v0x555874146320_0;  1 drivers
v0x555874145850_0 .net "INDEX", 2 0, v0x5558741463c0_0;  1 drivers
v0x555874145910_0 .net8 "IO_DATA", 3 0, RS_0x7fa09d8df0d8;  alias, 2 drivers
v0x5558741459f0_0 .net "RESET", 0 0, v0x5558741466b0_0;  1 drivers
v0x555874145b00_0 .net *"_ivl_0", 0 0, L_0x555874146be0;  1 drivers
o0x7fa09d8df168 .functor BUFZ 4, C4<zzzz>; HiZ drive
; Elide local net with no drivers, v0x555874145be0_0 name=_ivl_2
v0x555874145cc0_0 .var "current_cell", 2 0;
v0x555874145da0_0 .var "current_cell_tmp", 2 0;
v0x555874145e80_0 .var/i "i", 31 0;
v0x555874145f60 .array "memory_cell", 0 4, 3 0;
v0x555874146020_0 .var "out_data", 3 0;
v0x555874146100_0 .var "out_en", 0 0;
E_0x555874117ce0 .event posedge, v0x555874145690_0;
L_0x555874146d20 .functor MUXZ 4, o0x7fa09d8df168, v0x555874146020_0, L_0x555874146be0, C4<>;
S_0x5558740dd860 .scope begin, "$ivl_for_loop0" "$ivl_for_loop0" 4 58, 4 58 0, S_0x5558740dd660;
 .timescale 0 0;
v0x555874105a20_0 .var/2s "i", 31 0;
    .scope S_0x5558740dd660;
T_0 ;
    %pushi/vec4 0, 0, 3;
    %store/vec4 v0x555874145cc0_0, 0, 3;
    %pushi/vec4 0, 0, 1;
    %store/vec4 v0x555874146100_0, 0, 1;
    %pushi/vec4 0, 0, 32;
    %store/vec4 v0x555874145e80_0, 0, 32;
T_0.0 ;
    %load/vec4 v0x555874145e80_0;
    %cmpi/s 5, 0, 32;
    %jmp/0xz T_0.1, 5;
    %pushi/vec4 0, 0, 4;
    %ix/getv/s 4, v0x555874145e80_0;
    %store/vec4a v0x555874145f60, 4, 0;
    ; show_stmt_assign_vector: Get l-value for compressed += operand
    %load/vec4 v0x555874145e80_0;
    %pushi/vec4 1, 0, 32;
    %add;
    %store/vec4 v0x555874145e80_0, 0, 32;
    %jmp T_0.0;
T_0.1 ;
    %end;
    .thread T_0;
    .scope S_0x5558740dd660;
T_1 ;
    %wait E_0x555874117ce0;
    %load/vec4 v0x5558741459f0_0;
    %pad/u 32;
    %cmpi/e 1, 0, 32;
    %jmp/0xz  T_1.0, 4;
    %pushi/vec4 0, 0, 32;
    %store/vec4 v0x555874145e80_0, 0, 32;
T_1.2 ;
    %load/vec4 v0x555874145e80_0;
    %cmpi/s 5, 0, 32;
    %jmp/0xz T_1.3, 5;
    %pushi/vec4 0, 0, 4;
    %ix/getv/s 4, v0x555874145e80_0;
    %store/vec4a v0x555874145f60, 4, 0;
    ; show_stmt_assign_vector: Get l-value for compressed += operand
    %load/vec4 v0x555874145e80_0;
    %pushi/vec4 1, 0, 32;
    %add;
    %store/vec4 v0x555874145e80_0, 0, 32;
    %jmp T_1.2;
T_1.3 ;
T_1.0 ;
    %load/vec4 v0x555874145770_0;
    %dup/vec4;
    %pushi/vec4 1, 0, 2;
    %cmp/u;
    %jmp/1 T_1.4, 6;
    %dup/vec4;
    %pushi/vec4 2, 0, 2;
    %cmp/u;
    %jmp/1 T_1.5, 6;
    %dup/vec4;
    %pushi/vec4 3, 0, 2;
    %cmp/u;
    %jmp/1 T_1.6, 6;
    %jmp T_1.7;
T_1.4 ;
    %pushi/vec4 0, 0, 1;
    %store/vec4 v0x555874146100_0, 0, 1;
    %load/vec4 v0x555874145910_0;
    %load/vec4 v0x555874145cc0_0;
    %pad/u 4;
    %ix/vec4 4;
    %store/vec4a v0x555874145f60, 4, 0;
    ; show_stmt_assign_vector: Get l-value for compressed += operand
    %load/vec4 v0x555874145cc0_0;
    %pushi/vec4 1, 0, 3;
    %add;
    %store/vec4 v0x555874145cc0_0, 0, 3;
    %load/vec4 v0x555874145cc0_0;
    %cmpi/e 5, 0, 3;
    %jmp/0xz  T_1.8, 4;
    %pushi/vec4 0, 0, 3;
    %store/vec4 v0x555874145cc0_0, 0, 3;
T_1.8 ;
    %jmp T_1.7;
T_1.5 ;
    %pushi/vec4 1, 0, 1;
    %store/vec4 v0x555874146100_0, 0, 1;
    ; show_stmt_assign_vector: Get l-value for compressed -= operand
    %load/vec4 v0x555874145cc0_0;
    %pushi/vec4 1, 0, 3;
    %sub;
    %store/vec4 v0x555874145cc0_0, 0, 3;
    %load/vec4 v0x555874145cc0_0;
    %cmpi/e 7, 0, 3;
    %jmp/0xz  T_1.10, 4;
    %pushi/vec4 4, 0, 3;
    %store/vec4 v0x555874145cc0_0, 0, 3;
T_1.10 ;
    %load/vec4 v0x555874145cc0_0;
    %pad/u 4;
    %ix/vec4 4;
    %load/vec4a v0x555874145f60, 4;
    %store/vec4 v0x555874146020_0, 0, 4;
    %jmp T_1.7;
T_1.6 ;
    %pushi/vec4 1, 0, 1;
    %store/vec4 v0x555874146100_0, 0, 1;
    %load/vec4 v0x555874145cc0_0;
    %store/vec4 v0x555874145da0_0, 0, 3;
    %fork t_1, S_0x5558740dd860;
    %jmp t_0;
    .scope S_0x5558740dd860;
t_1 ;
    %pushi/vec4 0, 0, 32;
    %store/vec4 v0x555874105a20_0, 0, 32;
T_1.12 ;
    %load/vec4 v0x555874105a20_0;
    %load/vec4 v0x555874145850_0;
    %pad/u 32;
    %addi 1, 0, 32;
    %cmp/u;
    %jmp/0xz T_1.13, 5;
    ; show_stmt_assign_vector: Get l-value for compressed -= operand
    %load/vec4 v0x555874145da0_0;
    %pushi/vec4 1, 0, 3;
    %sub;
    %store/vec4 v0x555874145da0_0, 0, 3;
    %load/vec4 v0x555874145da0_0;
    %cmpi/e 7, 0, 3;
    %jmp/0xz  T_1.14, 4;
    %pushi/vec4 4, 0, 3;
    %store/vec4 v0x555874145da0_0, 0, 3;
T_1.14 ;
    ; show_stmt_assign_vector: Get l-value for compressed += operand
    %load/vec4 v0x555874105a20_0;
    %pushi/vec4 1, 0, 32;
    %add;
    %cast2;
    %store/vec4 v0x555874105a20_0, 0, 32;
    %jmp T_1.12;
T_1.13 ;
    %end;
    .scope S_0x5558740dd660;
t_0 %join;
    %load/vec4 v0x555874145da0_0;
    %pad/u 4;
    %ix/vec4 4;
    %load/vec4a v0x555874145f60, 4;
    %store/vec4 v0x555874146020_0, 0, 4;
    %jmp T_1.7;
T_1.7 ;
    %pop/vec4 1;
    %jmp T_1;
    .thread T_1;
    .scope S_0x55587411ef40;
T_2 ;
    %vpi_func 3 19 "$value$plusargs" 32, "TIMES=%d", v0x555874146780_0 {0 0 0};
    %nor/r;
    %flag_set/vec4 8;
    %jmp/0xz  T_2.0, 8;
    %pushi/vec4 5, 0, 32;
    %store/vec4 v0x555874146780_0, 0, 32;
T_2.0 ;
    %vpi_func 3 21 "$value$plusargs" 32, "OUTCSV=%s", v0x555874146530_0 {0 0 0};
    %nor/r;
    %flag_set/vec4 8;
    %jmp/0xz  T_2.2, 8;
    %pushi/str "st_stack_b.csv";
    %store/str v0x555874146530_0;
T_2.2 ;
    %vpi_call/w 3 23 "$display", "tb -> %s", v0x555874146530_0 {0 0 0};
    %vpi_call/w 3 24 "$display", "TIMES -> %d", v0x555874146780_0 {0 0 0};
    %vpi_call/w 3 25 "$display", "T\011O_DATA\011RESET\011CLK\011COMMAND\011INDEX\011I_DATA" {0 0 0};
    %vpi_call/w 3 26 "$monitor", "%2d\011%5b\011%3b\011%6b\011%4b\011%4b\011%5b", $time, v0x5558741465f0_0, v0x5558741466b0_0, v0x555874146260_0, v0x555874146320_0, v0x5558741463c0_0, v0x555874146490_0 {0 0 0};
    %vpi_func 3 27 "$fopen" 32, v0x555874146530_0, "w" {0 0 0};
    %store/vec4 v0x555874146820_0, 0, 32;
    %vpi_call/w 3 28 "$fdisplay", v0x555874146820_0, "T\011O_DATA\011RESET\011CLK\011COMMAND\011INDEX\011I_DATA" {0 0 0};
    %load/vec4 v0x555874146780_0;
    %cmpi/s 5, 0, 32;
    %flag_mov 8, 5;
    %jmp/0 T_2.4, 8;
    %pushi/vec4 5, 0, 32;
    %jmp/1 T_2.5, 8;
T_2.4 ; End of true expr.
    %load/vec4 v0x555874146780_0;
    %jmp/0 T_2.5, 8;
 ; End of false expr.
    %blend;
T_2.5;
    %store/vec4 v0x555874146a70_0, 0, 32;
    %end;
    .thread T_2;
    .scope S_0x55587411ef40;
T_3 ;
    %delay 1, 0;
    %load/vec4 v0x555874146260_0;
    %inv;
    %store/vec4 v0x555874146260_0, 0, 1;
    %jmp T_3;
    .thread T_3;
    .scope S_0x55587411ef40;
T_4 ;
    %pushi/vec4 0, 0, 1;
    %store/vec4 v0x555874146260_0, 0, 1;
    %pushi/vec4 0, 0, 2;
    %store/vec4 v0x555874146320_0, 0, 2;
    %pushi/vec4 1, 0, 1;
    %store/vec4 v0x5558741466b0_0, 0, 1;
    %pushi/vec4 0, 0, 3;
    %store/vec4 v0x5558741463c0_0, 0, 3;
    %delay 2, 0;
    %pushi/vec4 0, 0, 1;
    %store/vec4 v0x5558741466b0_0, 0, 1;
    %pushi/vec4 0, 0, 32;
    %store/vec4 v0x555874146990_0, 0, 32;
T_4.0 ;
    %load/vec4 v0x555874146990_0;
    %load/vec4 v0x555874146780_0;
    %cmp/s;
    %jmp/0xz T_4.1, 5;
    %delay 2, 0;
    %pushi/vec4 1, 0, 2;
    %store/vec4 v0x555874146320_0, 0, 2;
    %delay 0, 0;
    %load/vec4 v0x555874146990_0;
    %addi 1, 0, 32;
    %pad/s 4;
    %store/vec4 v0x555874146490_0, 0, 4;
    ; show_stmt_assign_vector: Get l-value for compressed += operand
    %load/vec4 v0x555874146990_0;
    %pushi/vec4 1, 0, 32;
    %add;
    %store/vec4 v0x555874146990_0, 0, 32;
    %jmp T_4.0;
T_4.1 ;
    %delay 2, 0;
    %pushi/vec4 0, 0, 2;
    %store/vec4 v0x555874146320_0, 0, 2;
    %delay 2, 0;
    %pushi/vec4 0, 15, 4;
    %store/vec4 v0x555874146490_0, 0, 4;
    %pushi/vec4 0, 0, 32;
    %store/vec4 v0x555874146990_0, 0, 32;
T_4.2 ;
    %load/vec4 v0x555874146990_0;
    %load/vec4 v0x555874146a70_0;
    %cmp/s;
    %jmp/0xz T_4.3, 5;
    %delay 2, 0;
    %pushi/vec4 3, 0, 2;
    %store/vec4 v0x555874146320_0, 0, 2;
    %load/vec4 v0x555874146990_0;
    %pad/s 3;
    %store/vec4 v0x5558741463c0_0, 0, 3;
    ; show_stmt_assign_vector: Get l-value for compressed += operand
    %load/vec4 v0x555874146990_0;
    %pushi/vec4 1, 0, 32;
    %add;
    %store/vec4 v0x555874146990_0, 0, 32;
    %jmp T_4.2;
T_4.3 ;
    %delay 2, 0;
    %pushi/vec4 0, 15, 4;
    %store/vec4 v0x555874146490_0, 0, 4;
    %pushi/vec4 0, 0, 2;
    %store/vec4 v0x555874146320_0, 0, 2;
    %pushi/vec4 0, 0, 32;
    %store/vec4 v0x555874146990_0, 0, 32;
T_4.4 ;
    %load/vec4 v0x555874146990_0;
    %load/vec4 v0x555874146780_0;
    %cmp/s;
    %jmp/0xz T_4.5, 5;
    %delay 2, 0;
    %pushi/vec4 2, 0, 2;
    %store/vec4 v0x555874146320_0, 0, 2;
    %delay 2, 0;
    %pushi/vec4 3, 0, 2;
    %store/vec4 v0x555874146320_0, 0, 2;
    %load/vec4 v0x555874146990_0;
    %pad/s 3;
    %store/vec4 v0x5558741463c0_0, 0, 3;
    ; show_stmt_assign_vector: Get l-value for compressed += operand
    %load/vec4 v0x555874146990_0;
    %pushi/vec4 1, 0, 32;
    %add;
    %store/vec4 v0x555874146990_0, 0, 32;
    %jmp T_4.4;
T_4.5 ;
    %delay 2, 0;
    %pushi/vec4 0, 0, 2;
    %store/vec4 v0x555874146320_0, 0, 2;
    %pushi/vec4 1, 0, 1;
    %store/vec4 v0x5558741466b0_0, 0, 1;
    %delay 2, 0;
    %pushi/vec4 0, 0, 1;
    %store/vec4 v0x5558741466b0_0, 0, 1;
    %delay 2, 0;
    %pushi/vec4 0, 15, 4;
    %store/vec4 v0x555874146490_0, 0, 4;
    %pushi/vec4 0, 0, 2;
    %store/vec4 v0x555874146320_0, 0, 2;
    %pushi/vec4 0, 0, 32;
    %store/vec4 v0x555874146990_0, 0, 32;
T_4.6 ;
    %load/vec4 v0x555874146990_0;
    %load/vec4 v0x555874146780_0;
    %cmp/s;
    %jmp/0xz T_4.7, 5;
    %delay 2, 0;
    %pushi/vec4 2, 0, 2;
    %store/vec4 v0x555874146320_0, 0, 2;
    ; show_stmt_assign_vector: Get l-value for compressed += operand
    %load/vec4 v0x555874146990_0;
    %pushi/vec4 1, 0, 32;
    %add;
    %store/vec4 v0x555874146990_0, 0, 32;
    %jmp T_4.6;
T_4.7 ;
    %vpi_call/w 3 57 "$fclose", v0x555874146820_0 {0 0 0};
    %vpi_call/w 3 58 "$finish" {0 0 0};
    %end;
    .thread T_4;
    .scope S_0x55587411ef40;
T_5 ;
    %wait E_0x5558741179a0;
    %vpi_call/w 3 62 "$fstrobe", v0x555874146820_0, "%d\011%b\011%b\011%b\011%b\011%b\011%b", $time, v0x5558741465f0_0, v0x5558741466b0_0, v0x555874146260_0, v0x555874146320_0, v0x5558741463c0_0, v0x555874146490_0 {0 0 0};
    %jmp T_5;
    .thread T_5, $push;
# The file index is used to find the file name in the following table.
:file_names 5;
    "N/A";
    "<interactive>";
    "-";
    "stack_behaviour_normal_tb.sv";
    "./stack_behaviour.sv";
