#! /usr/bin/vvp
:ivl_version "12.0 (stable)";
:ivl_delay_selection "TYPICAL";
:vpi_time_precision + 0;
:vpi_module "/usr/lib64/ivl/system.vpi";
:vpi_module "/usr/lib64/ivl/vhdl_sys.vpi";
:vpi_module "/usr/lib64/ivl/vhdl_textio.vpi";
:vpi_module "/usr/lib64/ivl/v2005_math.vpi";
:vpi_module "/usr/lib64/ivl/va_math.vpi";
:vpi_module "/usr/lib64/ivl/v2009.vpi";
S_0x55888c90a610 .scope package, "$unit" "$unit" 2 1;
 .timescale 0 0;
S_0x55888c90a7a0 .scope module, "stack_behaviour_normal" "stack_behaviour_normal" 3 1;
 .timescale 0 0;
    .port_info 0 /INOUT 4 "IO_DATA";
    .port_info 1 /INPUT 1 "RESET";
    .port_info 2 /INPUT 1 "CLK";
    .port_info 3 /INPUT 2 "COMMAND";
    .port_info 4 /INPUT 3 "INDEX";
o0x7fd1108dc048 .functor BUFZ 1, C4<z>; HiZ drive
L_0x55888c95fb30 .functor AND 1, v0x55888c95f9d0_0, o0x7fd1108dc048, C4<1>, C4<1>;
v0x55888c95ef60_0 .net "CLK", 0 0, o0x7fd1108dc048;  0 drivers
o0x7fd1108dc078 .functor BUFZ 2, C4<zz>; HiZ drive
v0x55888c95f040_0 .net "COMMAND", 1 0, o0x7fd1108dc078;  0 drivers
o0x7fd1108dc0a8 .functor BUFZ 3, C4<zzz>; HiZ drive
v0x55888c95f120_0 .net "INDEX", 2 0, o0x7fd1108dc0a8;  0 drivers
v0x55888c95f1e0_0 .net "IO_DATA", 3 0, L_0x55888c95fbc0;  1 drivers
o0x7fd1108dc108 .functor BUFZ 1, C4<z>; HiZ drive
v0x55888c95f2c0_0 .net "RESET", 0 0, o0x7fd1108dc108;  0 drivers
v0x55888c95f3d0_0 .net *"_ivl_0", 0 0, L_0x55888c95fb30;  1 drivers
o0x7fd1108dc168 .functor BUFZ 4, C4<zzzz>; HiZ drive
; Elide local net with no drivers, v0x55888c95f4b0_0 name=_ivl_2
v0x55888c95f590_0 .var "current_cell", 2 0;
v0x55888c95f670_0 .var "current_cell_tmp", 2 0;
v0x55888c95f750_0 .var/i "i", 31 0;
v0x55888c95f830 .array "memory_cell", 0 4, 3 0;
v0x55888c95f8f0_0 .var "out_data", 3 0;
v0x55888c95f9d0_0 .var "out_en", 0 0;
E_0x55888c944c90 .event posedge, v0x55888c95ef60_0;
E_0x55888c945220 .event anyedge, v0x55888c95f2c0_0;
L_0x55888c95fbc0 .functor MUXZ 4, o0x7fd1108dc168, v0x55888c95f8f0_0, L_0x55888c95fb30, C4<>;
S_0x55888c935170 .scope begin, "$ivl_for_loop0" "$ivl_for_loop0" 3 57, 3 57 0, S_0x55888c90a7a0;
 .timescale 0 0;
v0x55888c90b9b0_0 .var/2s "i", 31 0;
    .scope S_0x55888c90a7a0;
T_0 ;
    %pushi/vec4 0, 0, 3;
    %store/vec4 v0x55888c95f590_0, 0, 3;
    %pushi/vec4 0, 0, 1;
    %store/vec4 v0x55888c95f9d0_0, 0, 1;
    %pushi/vec4 0, 0, 32;
    %store/vec4 v0x55888c95f750_0, 0, 32;
T_0.0 ;
    %load/vec4 v0x55888c95f750_0;
    %cmpi/s 5, 0, 32;
    %jmp/0xz T_0.1, 5;
    %pushi/vec4 0, 0, 4;
    %ix/getv/s 4, v0x55888c95f750_0;
    %store/vec4a v0x55888c95f830, 4, 0;
    ; show_stmt_assign_vector: Get l-value for compressed += operand
    %load/vec4 v0x55888c95f750_0;
    %pushi/vec4 1, 0, 32;
    %add;
    %store/vec4 v0x55888c95f750_0, 0, 32;
    %jmp T_0.0;
T_0.1 ;
    %end;
    .thread T_0;
    .scope S_0x55888c90a7a0;
T_1 ;
    %wait E_0x55888c945220;
    %load/vec4 v0x55888c95f2c0_0;
    %pad/u 32;
    %cmpi/e 1, 0, 32;
    %jmp/0xz  T_1.0, 4;
    %pushi/vec4 0, 0, 32;
    %store/vec4 v0x55888c95f750_0, 0, 32;
T_1.2 ;
    %load/vec4 v0x55888c95f750_0;
    %cmpi/s 5, 0, 32;
    %jmp/0xz T_1.3, 5;
    %pushi/vec4 0, 0, 4;
    %ix/getv/s 4, v0x55888c95f750_0;
    %store/vec4a v0x55888c95f830, 4, 0;
    ; show_stmt_assign_vector: Get l-value for compressed += operand
    %load/vec4 v0x55888c95f750_0;
    %pushi/vec4 1, 0, 32;
    %add;
    %store/vec4 v0x55888c95f750_0, 0, 32;
    %jmp T_1.2;
T_1.3 ;
T_1.0 ;
    %jmp T_1;
    .thread T_1, $push;
    .scope S_0x55888c90a7a0;
T_2 ;
    %wait E_0x55888c944c90;
    %load/vec4 v0x55888c95f040_0;
    %dup/vec4;
    %pushi/vec4 1, 0, 2;
    %cmp/u;
    %jmp/1 T_2.0, 6;
    %dup/vec4;
    %pushi/vec4 2, 0, 2;
    %cmp/u;
    %jmp/1 T_2.1, 6;
    %dup/vec4;
    %pushi/vec4 3, 0, 2;
    %cmp/u;
    %jmp/1 T_2.2, 6;
    %jmp T_2.3;
T_2.0 ;
    %pushi/vec4 0, 0, 1;
    %store/vec4 v0x55888c95f9d0_0, 0, 1;
    %load/vec4 v0x55888c95f1e0_0;
    %load/vec4 v0x55888c95f590_0;
    %pad/u 4;
    %ix/vec4 4;
    %store/vec4a v0x55888c95f830, 4, 0;
    ; show_stmt_assign_vector: Get l-value for compressed += operand
    %load/vec4 v0x55888c95f590_0;
    %pushi/vec4 1, 0, 3;
    %add;
    %store/vec4 v0x55888c95f590_0, 0, 3;
    %load/vec4 v0x55888c95f590_0;
    %cmpi/e 5, 0, 3;
    %jmp/0xz  T_2.4, 4;
    %pushi/vec4 0, 0, 3;
    %store/vec4 v0x55888c95f590_0, 0, 3;
T_2.4 ;
    %jmp T_2.3;
T_2.1 ;
    %pushi/vec4 1, 0, 1;
    %store/vec4 v0x55888c95f9d0_0, 0, 1;
    ; show_stmt_assign_vector: Get l-value for compressed -= operand
    %load/vec4 v0x55888c95f590_0;
    %pushi/vec4 1, 0, 3;
    %sub;
    %store/vec4 v0x55888c95f590_0, 0, 3;
    %load/vec4 v0x55888c95f590_0;
    %cmpi/e 7, 0, 3;
    %jmp/0xz  T_2.6, 4;
    %pushi/vec4 4, 0, 3;
    %store/vec4 v0x55888c95f590_0, 0, 3;
T_2.6 ;
    %load/vec4 v0x55888c95f590_0;
    %pad/u 4;
    %ix/vec4 4;
    %load/vec4a v0x55888c95f830, 4;
    %store/vec4 v0x55888c95f8f0_0, 0, 4;
    %jmp T_2.3;
T_2.2 ;
    %pushi/vec4 1, 0, 1;
    %store/vec4 v0x55888c95f9d0_0, 0, 1;
    %load/vec4 v0x55888c95f590_0;
    %store/vec4 v0x55888c95f670_0, 0, 3;
    %fork t_1, S_0x55888c935170;
    %jmp t_0;
    .scope S_0x55888c935170;
t_1 ;
    %pushi/vec4 0, 0, 32;
    %store/vec4 v0x55888c90b9b0_0, 0, 32;
T_2.8 ;
    %load/vec4 v0x55888c90b9b0_0;
    %load/vec4 v0x55888c95f120_0;
    %pad/u 32;
    %addi 1, 0, 32;
    %cmp/u;
    %jmp/0xz T_2.9, 5;
    ; show_stmt_assign_vector: Get l-value for compressed -= operand
    %load/vec4 v0x55888c95f670_0;
    %pushi/vec4 1, 0, 3;
    %sub;
    %store/vec4 v0x55888c95f670_0, 0, 3;
    %load/vec4 v0x55888c95f670_0;
    %cmpi/e 7, 0, 3;
    %jmp/0xz  T_2.10, 4;
    %pushi/vec4 4, 0, 3;
    %store/vec4 v0x55888c95f670_0, 0, 3;
T_2.10 ;
    ; show_stmt_assign_vector: Get l-value for compressed += operand
    %load/vec4 v0x55888c90b9b0_0;
    %pushi/vec4 1, 0, 32;
    %add;
    %cast2;
    %store/vec4 v0x55888c90b9b0_0, 0, 32;
    %jmp T_2.8;
T_2.9 ;
    %end;
    .scope S_0x55888c90a7a0;
t_0 %join;
    %load/vec4 v0x55888c95f670_0;
    %pad/u 4;
    %ix/vec4 4;
    %load/vec4a v0x55888c95f830, 4;
    %store/vec4 v0x55888c95f8f0_0, 0, 4;
    %jmp T_2.3;
T_2.3 ;
    %pop/vec4 1;
    %jmp T_2;
    .thread T_2;
# The file index is used to find the file name in the following table.
:file_names 4;
    "N/A";
    "<interactive>";
    "-";
    "stack_behaviour.sv";
