#! /usr/bin/vvp
:ivl_version "12.0 (stable)";
:ivl_delay_selection "TYPICAL";
:vpi_time_precision + 0;
:vpi_module "/usr/lib64/ivl/system.vpi";
:vpi_module "/usr/lib64/ivl/vhdl_sys.vpi";
:vpi_module "/usr/lib64/ivl/vhdl_textio.vpi";
:vpi_module "/usr/lib64/ivl/v2005_math.vpi";
:vpi_module "/usr/lib64/ivl/va_math.vpi";
:vpi_module "/usr/lib64/ivl/v2009.vpi";
S_0x563280c88c70 .scope package, "$unit" "$unit" 2 1;
 .timescale 0 0;
S_0x563280c57bd0 .scope module, "current_cell" "current_cell" 3 82;
 .timescale 0 0;
    .port_info 0 /OUTPUT 3 "data_o";
    .port_info 1 /INPUT 1 "clk";
    .port_info 2 /INPUT 3 "data_i";
L_0x563280cb4d90 .functor NOT 1, L_0x563280cb4c90, C4<0>, C4<0>, C4<0>;
L_0x563280cb4fc0 .functor NOT 1, L_0x563280cb4f20, C4<0>, C4<0>, C4<0>;
L_0x563280cb54b0 .functor NOT 1, L_0x563280cb53a0, C4<0>, C4<0>, C4<0>;
v0x563280caf4c0_0 .net *"_ivl_11", 0 0, L_0x563280cb4f20;  1 drivers
v0x563280caf5c0_0 .net *"_ivl_20", 0 0, L_0x563280cb53a0;  1 drivers
v0x563280caf6a0_0 .net *"_ivl_3", 0 0, L_0x563280cb4c90;  1 drivers
o0x7fd87c599018 .functor BUFZ 1, C4<z>; HiZ drive
v0x563280caf760_0 .net "clk", 0 0, o0x7fd87c599018;  0 drivers
o0x7fd87c5994c8 .functor BUFZ 3, C4<zzz>; HiZ drive
v0x563280caf800_0 .net "data_i", 2 0, o0x7fd87c5994c8;  0 drivers
v0x563280caf930_0 .net "data_o", 2 0, L_0x563280cb5210;  1 drivers
L_0x563280cb4c90 .part o0x7fd87c5994c8, 0, 1;
L_0x563280cb4e30 .part o0x7fd87c5994c8, 0, 1;
L_0x563280cb4f20 .part o0x7fd87c5994c8, 1, 1;
L_0x563280cb50b0 .part o0x7fd87c5994c8, 1, 1;
L_0x563280cb5210 .concat8 [ 1 1 1 0], v0x563280c55630_0, v0x563280caed80_0, v0x563280caf350_0;
L_0x563280cb53a0 .part o0x7fd87c5994c8, 2, 1;
L_0x563280cb5520 .part o0x7fd87c5994c8, 2, 1;
S_0x563280c83f00 .scope module, "jk_1" "jk_trigger" 3 83, 3 66 0, S_0x563280c57bd0;
 .timescale 0 0;
    .port_info 0 /OUTPUT 1 "q";
    .port_info 1 /INPUT 1 "j";
    .port_info 2 /INPUT 1 "k";
    .port_info 3 /INPUT 1 "clk";
v0x563280c84910_0 .net "clk", 0 0, o0x7fd87c599018;  alias, 0 drivers
v0x563280c82990_0 .net "j", 0 0, L_0x563280cb4d90;  1 drivers
v0x563280c58d50_0 .net "k", 0 0, L_0x563280cb4e30;  1 drivers
v0x563280c55630_0 .var "q", 0 0;
E_0x563280c65560 .event posedge, v0x563280c84910_0;
S_0x563280caea40 .scope module, "jk_2" "jk_trigger" 3 84, 3 66 0, S_0x563280c57bd0;
 .timescale 0 0;
    .port_info 0 /OUTPUT 1 "q";
    .port_info 1 /INPUT 1 "j";
    .port_info 2 /INPUT 1 "k";
    .port_info 3 /INPUT 1 "clk";
v0x563280c53d10_0 .net "clk", 0 0, o0x7fd87c599018;  alias, 0 drivers
v0x563280caec40_0 .net "j", 0 0, L_0x563280cb4fc0;  1 drivers
v0x563280caece0_0 .net "k", 0 0, L_0x563280cb50b0;  1 drivers
v0x563280caed80_0 .var "q", 0 0;
S_0x563280caeef0 .scope module, "jk_3" "jk_trigger" 3 85, 3 66 0, S_0x563280c57bd0;
 .timescale 0 0;
    .port_info 0 /OUTPUT 1 "q";
    .port_info 1 /INPUT 1 "j";
    .port_info 2 /INPUT 1 "k";
    .port_info 3 /INPUT 1 "clk";
v0x563280caf100_0 .net "clk", 0 0, o0x7fd87c599018;  alias, 0 drivers
v0x563280caf1f0_0 .net "j", 0 0, L_0x563280cb54b0;  1 drivers
v0x563280caf2b0_0 .net "k", 0 0, L_0x563280cb5520;  1 drivers
v0x563280caf350_0 .var "q", 0 0;
S_0x563280c85c00 .scope module, "memory_cell" "memory_cell" 3 88;
 .timescale 0 0;
    .port_info 0 /OUTPUT 4 "data";
    .port_info 1 /INPUT 4 "input_data";
    .port_info 2 /INPUT 1 "clk";
    .port_info 3 /INPUT 1 "state";
L_0x563280cb56c0 .functor NOT 1, L_0x563280cb55c0, C4<0>, C4<0>, C4<0>;
o0x7fd87c599dc8 .functor BUFZ 1, C4<z>; HiZ drive
L_0x563280cb57b0 .functor AND 1, L_0x563280cb56c0, o0x7fd87c599dc8, C4<1>, C4<1>;
L_0x563280cb5990 .functor AND 1, L_0x563280cb5870, o0x7fd87c599dc8, C4<1>, C4<1>;
L_0x563280cb5b40 .functor NOT 1, L_0x563280cb5aa0, C4<0>, C4<0>, C4<0>;
L_0x563280cb5c30 .functor AND 1, L_0x563280cb5b40, o0x7fd87c599dc8, C4<1>, C4<1>;
L_0x563280cb5e50 .functor AND 1, L_0x563280cb5cf0, o0x7fd87c599dc8, C4<1>, C4<1>;
L_0x563280cb6060 .functor NOT 1, L_0x563280cb5fc0, C4<0>, C4<0>, C4<0>;
L_0x563280cb60d0 .functor AND 1, L_0x563280cb6060, o0x7fd87c599dc8, C4<1>, C4<1>;
L_0x563280cb62c0 .functor AND 1, L_0x563280cb61e0, o0x7fd87c599dc8, C4<1>, C4<1>;
L_0x563280cb6630 .functor NOT 1, L_0x563280cb6510, C4<0>, C4<0>, C4<0>;
L_0x563280cb6780 .functor AND 1, L_0x563280cb6630, o0x7fd87c599dc8, C4<1>, C4<1>;
L_0x563280cb6890 .functor AND 1, L_0x563280cb67f0, o0x7fd87c599dc8, C4<1>, C4<1>;
v0x563280cb1300_0 .net *"_ivl_15", 0 0, L_0x563280cb5aa0;  1 drivers
v0x563280cb1400_0 .net *"_ivl_16", 0 0, L_0x563280cb5b40;  1 drivers
v0x563280cb14e0_0 .net *"_ivl_21", 0 0, L_0x563280cb5cf0;  1 drivers
v0x563280cb15a0_0 .net *"_ivl_27", 0 0, L_0x563280cb5fc0;  1 drivers
v0x563280cb1680_0 .net *"_ivl_28", 0 0, L_0x563280cb6060;  1 drivers
v0x563280cb17b0_0 .net *"_ivl_3", 0 0, L_0x563280cb55c0;  1 drivers
v0x563280cb1890_0 .net *"_ivl_33", 0 0, L_0x563280cb61e0;  1 drivers
v0x563280cb1970_0 .net *"_ivl_4", 0 0, L_0x563280cb56c0;  1 drivers
v0x563280cb1a50_0 .net *"_ivl_40", 0 0, L_0x563280cb6510;  1 drivers
v0x563280cb1b30_0 .net *"_ivl_41", 0 0, L_0x563280cb6630;  1 drivers
v0x563280cb1c10_0 .net *"_ivl_46", 0 0, L_0x563280cb67f0;  1 drivers
v0x563280cb1cf0_0 .net *"_ivl_9", 0 0, L_0x563280cb5870;  1 drivers
o0x7fd87c5995b8 .functor BUFZ 1, C4<z>; HiZ drive
v0x563280cb1dd0_0 .net "clk", 0 0, o0x7fd87c5995b8;  0 drivers
v0x563280cb1f00_0 .net "data", 3 0, L_0x563280cb6380;  1 drivers
o0x7fd87c599d98 .functor BUFZ 4, C4<zzzz>; HiZ drive
v0x563280cb1fe0_0 .net "input_data", 3 0, o0x7fd87c599d98;  0 drivers
v0x563280cb20c0_0 .net "state", 0 0, o0x7fd87c599dc8;  0 drivers
L_0x563280cb55c0 .part o0x7fd87c599d98, 0, 1;
L_0x563280cb5870 .part o0x7fd87c599d98, 0, 1;
L_0x563280cb5aa0 .part o0x7fd87c599d98, 1, 1;
L_0x563280cb5cf0 .part o0x7fd87c599d98, 1, 1;
L_0x563280cb5fc0 .part o0x7fd87c599d98, 2, 1;
L_0x563280cb61e0 .part o0x7fd87c599d98, 2, 1;
L_0x563280cb6380 .concat8 [ 1 1 1 1], v0x563280cafd90_0, v0x563280cb03d0_0, v0x563280cb0a20_0, v0x563280cb1000_0;
L_0x563280cb6510 .part o0x7fd87c599d98, 3, 1;
L_0x563280cb67f0 .part o0x7fd87c599d98, 3, 1;
S_0x563280cafa90 .scope module, "bit1" "rs_trigger" 3 89, 3 50 0, S_0x563280c85c00;
 .timescale 0 0;
    .port_info 0 /OUTPUT 1 "q";
    .port_info 1 /INPUT 1 "r";
    .port_info 2 /INPUT 1 "s";
    .port_info 3 /INPUT 1 "clk";
v0x563280cafcb0_0 .net "clk", 0 0, o0x7fd87c5995b8;  alias, 0 drivers
v0x563280cafd90_0 .var "q", 0 0;
v0x563280cafe50_0 .net "r", 0 0, L_0x563280cb57b0;  1 drivers
v0x563280caff20_0 .net "s", 0 0, L_0x563280cb5990;  1 drivers
E_0x563280c65970 .event posedge, v0x563280cafcb0_0;
S_0x563280cb0090 .scope module, "bit2" "rs_trigger" 3 90, 3 50 0, S_0x563280c85c00;
 .timescale 0 0;
    .port_info 0 /OUTPUT 1 "q";
    .port_info 1 /INPUT 1 "r";
    .port_info 2 /INPUT 1 "s";
    .port_info 3 /INPUT 1 "clk";
v0x563280cb0300_0 .net "clk", 0 0, o0x7fd87c5995b8;  alias, 0 drivers
v0x563280cb03d0_0 .var "q", 0 0;
v0x563280cb0470_0 .net "r", 0 0, L_0x563280cb5c30;  1 drivers
v0x563280cb0540_0 .net "s", 0 0, L_0x563280cb5e50;  1 drivers
S_0x563280cb06b0 .scope module, "bit3" "rs_trigger" 3 91, 3 50 0, S_0x563280c85c00;
 .timescale 0 0;
    .port_info 0 /OUTPUT 1 "q";
    .port_info 1 /INPUT 1 "r";
    .port_info 2 /INPUT 1 "s";
    .port_info 3 /INPUT 1 "clk";
v0x563280cb0930_0 .net "clk", 0 0, o0x7fd87c5995b8;  alias, 0 drivers
v0x563280cb0a20_0 .var "q", 0 0;
v0x563280cb0ae0_0 .net "r", 0 0, L_0x563280cb60d0;  1 drivers
v0x563280cb0b80_0 .net "s", 0 0, L_0x563280cb62c0;  1 drivers
S_0x563280cb0cf0 .scope module, "bit4" "rs_trigger" 3 92, 3 50 0, S_0x563280c85c00;
 .timescale 0 0;
    .port_info 0 /OUTPUT 1 "q";
    .port_info 1 /INPUT 1 "r";
    .port_info 2 /INPUT 1 "s";
    .port_info 3 /INPUT 1 "clk";
v0x563280cb0f40_0 .net "clk", 0 0, o0x7fd87c5995b8;  alias, 0 drivers
v0x563280cb1000_0 .var "q", 0 0;
v0x563280cb10c0_0 .net "r", 0 0, L_0x563280cb6780;  1 drivers
v0x563280cb1190_0 .net "s", 0 0, L_0x563280cb6890;  1 drivers
S_0x563280c85600 .scope module, "push" "push" 3 95;
 .timescale 0 0;
    .port_info 0 /INPUT 1 "p";
    .port_info 1 /INPUT 3 "data_i";
    .port_info 2 /INPUT 4 "idata";
    .port_info 3 /OUTPUT 3 "data_o";
    .port_info 4 /OUTPUT 4 "d_0";
    .port_info 5 /OUTPUT 1 "s_0";
    .port_info 6 /OUTPUT 4 "d_1";
    .port_info 7 /OUTPUT 1 "s_1";
    .port_info 8 /OUTPUT 4 "d_2";
    .port_info 9 /OUTPUT 1 "s_2";
    .port_info 10 /OUTPUT 4 "d_3";
    .port_info 11 /OUTPUT 1 "s_3";
    .port_info 12 /OUTPUT 4 "d_4";
    .port_info 13 /OUTPUT 1 "s_4";
    .port_info 14 /OUTPUT 4 "d_5";
    .port_info 15 /OUTPUT 1 "s_5";
    .port_info 16 /OUTPUT 4 "d_6";
    .port_info 17 /OUTPUT 1 "s_6";
    .port_info 18 /OUTPUT 4 "d_7";
    .port_info 19 /OUTPUT 1 "s_7";
v0x563280cb2240_0 .var "carry0", 0 0;
v0x563280cb2320_0 .var "d_0", 3 0;
v0x563280cb2400_0 .var "d_1", 3 0;
v0x563280cb24c0_0 .var "d_2", 3 0;
v0x563280cb25a0_0 .var "d_3", 3 0;
v0x563280cb2680_0 .var "d_4", 3 0;
v0x563280cb2760_0 .var "d_5", 3 0;
v0x563280cb2840_0 .var "d_6", 3 0;
v0x563280cb2920_0 .var "d_7", 3 0;
o0x7fd87c59a068 .functor BUFZ 3, C4<zzz>; HiZ drive
v0x563280cb2a90_0 .net "data_i", 2 0, o0x7fd87c59a068;  0 drivers
v0x563280cb2b70_0 .var "data_o", 2 0;
o0x7fd87c59a0c8 .functor BUFZ 4, C4<zzzz>; HiZ drive
v0x563280cb2c50_0 .net "idata", 3 0, o0x7fd87c59a0c8;  0 drivers
o0x7fd87c59a0f8 .functor BUFZ 1, C4<z>; HiZ drive
v0x563280cb2d30_0 .net "p", 0 0, o0x7fd87c59a0f8;  0 drivers
v0x563280cb2df0_0 .var "s_0", 0 0;
v0x563280cb2eb0_0 .var "s_1", 0 0;
v0x563280cb2f70_0 .var "s_2", 0 0;
v0x563280cb3030_0 .var "s_3", 0 0;
v0x563280cb30f0_0 .var "s_4", 0 0;
v0x563280cb31b0_0 .var "s_5", 0 0;
v0x563280cb3270_0 .var "s_6", 0 0;
v0x563280cb3330_0 .var "s_7", 0 0;
E_0x563280c65270 .event negedge, v0x563280cb2d30_0;
S_0x563280c62540 .scope module, "stack_behaviour_tb" "stack_behaviour_tb" 4 8;
 .timescale 0 0;
v0x563280cb4350_0 .var "CLK", 0 0;
v0x563280cb4410_0 .var "COMMAND", 1 0;
v0x563280cb44e0_0 .var "INDEX", 2 0;
v0x563280cb45e0_0 .var "I_DATA", 3 0;
v0x563280cb46b0_0 .var/str "OUTCSV";
v0x563280cb4750_0 .net "O_DATA", 3 0, L_0x563280cb6b00;  1 drivers
v0x563280cb47f0_0 .var "RESET", 0 0;
v0x563280cb48c0_0 .var/i "TIMES", 31 0;
v0x563280cb4960_0 .var/i "fd", 31 0;
v0x563280cb4ad0_0 .var/i "i", 31 0;
v0x563280cb4bb0_0 .var/i "k", 31 0;
E_0x563280c45190 .event anyedge, v0x563280cb39f0_0;
S_0x563280cb3760 .scope module, "_stack" "stack_behaviour_lite" 4 15, 3 1 0, S_0x563280c62540;
 .timescale 0 0;
    .port_info 0 /OUTPUT 4 "O_DATA";
    .port_info 1 /INPUT 1 "RESET";
    .port_info 2 /INPUT 1 "CLK";
    .port_info 3 /INPUT 2 "COMMAND";
    .port_info 4 /INPUT 3 "INDEX";
    .port_info 5 /INPUT 4 "I_DATA";
L_0x563280cb6b00 .functor BUFZ 4, v0x563280cb4170_0, C4<0000>, C4<0000>, C4<0000>;
v0x563280cb39f0_0 .net "CLK", 0 0, v0x563280cb4350_0;  1 drivers
v0x563280cb3ad0_0 .net "COMMAND", 1 0, v0x563280cb4410_0;  1 drivers
v0x563280cb3bb0_0 .net "INDEX", 2 0, v0x563280cb44e0_0;  1 drivers
v0x563280cb3c70_0 .net "I_DATA", 3 0, v0x563280cb45e0_0;  1 drivers
v0x563280cb3d50_0 .net "O_DATA", 3 0, L_0x563280cb6b00;  alias, 1 drivers
v0x563280cb3e30_0 .net "RESET", 0 0, v0x563280cb47f0_0;  1 drivers
v0x563280cb3ef0_0 .var "current_cell", 2 0;
v0x563280cb3fd0_0 .var/i "i", 31 0;
v0x563280cb40b0 .array "memory_cell", 0 7, 3 0;
v0x563280cb4170_0 .var "out_data", 3 0;
E_0x563280c928b0 .event posedge, v0x563280cb39f0_0;
    .scope S_0x563280c83f00;
T_0 ;
    %wait E_0x563280c65560;
    %load/vec4 v0x563280c82990_0;
    %load/vec4 v0x563280c58d50_0;
    %concat/vec4; draw_concat_vec4
    %dup/vec4;
    %pushi/vec4 1, 0, 2;
    %cmp/u;
    %jmp/1 T_0.0, 6;
    %dup/vec4;
    %pushi/vec4 2, 0, 2;
    %cmp/u;
    %jmp/1 T_0.1, 6;
    %dup/vec4;
    %pushi/vec4 3, 0, 2;
    %cmp/u;
    %jmp/1 T_0.2, 6;
    %jmp T_0.3;
T_0.0 ;
    %pushi/vec4 1, 0, 1;
    %assign/vec4 v0x563280c55630_0, 0;
    %jmp T_0.3;
T_0.1 ;
    %pushi/vec4 0, 0, 1;
    %assign/vec4 v0x563280c55630_0, 0;
    %jmp T_0.3;
T_0.2 ;
    %pushi/vec4 1, 1, 1;
    %assign/vec4 v0x563280c55630_0, 0;
    %jmp T_0.3;
T_0.3 ;
    %pop/vec4 1;
    %jmp T_0;
    .thread T_0;
    .scope S_0x563280caea40;
T_1 ;
    %wait E_0x563280c65560;
    %load/vec4 v0x563280caec40_0;
    %load/vec4 v0x563280caece0_0;
    %concat/vec4; draw_concat_vec4
    %dup/vec4;
    %pushi/vec4 1, 0, 2;
    %cmp/u;
    %jmp/1 T_1.0, 6;
    %dup/vec4;
    %pushi/vec4 2, 0, 2;
    %cmp/u;
    %jmp/1 T_1.1, 6;
    %dup/vec4;
    %pushi/vec4 3, 0, 2;
    %cmp/u;
    %jmp/1 T_1.2, 6;
    %jmp T_1.3;
T_1.0 ;
    %pushi/vec4 1, 0, 1;
    %assign/vec4 v0x563280caed80_0, 0;
    %jmp T_1.3;
T_1.1 ;
    %pushi/vec4 0, 0, 1;
    %assign/vec4 v0x563280caed80_0, 0;
    %jmp T_1.3;
T_1.2 ;
    %pushi/vec4 1, 1, 1;
    %assign/vec4 v0x563280caed80_0, 0;
    %jmp T_1.3;
T_1.3 ;
    %pop/vec4 1;
    %jmp T_1;
    .thread T_1;
    .scope S_0x563280caeef0;
T_2 ;
    %wait E_0x563280c65560;
    %load/vec4 v0x563280caf1f0_0;
    %load/vec4 v0x563280caf2b0_0;
    %concat/vec4; draw_concat_vec4
    %dup/vec4;
    %pushi/vec4 1, 0, 2;
    %cmp/u;
    %jmp/1 T_2.0, 6;
    %dup/vec4;
    %pushi/vec4 2, 0, 2;
    %cmp/u;
    %jmp/1 T_2.1, 6;
    %dup/vec4;
    %pushi/vec4 3, 0, 2;
    %cmp/u;
    %jmp/1 T_2.2, 6;
    %jmp T_2.3;
T_2.0 ;
    %pushi/vec4 1, 0, 1;
    %assign/vec4 v0x563280caf350_0, 0;
    %jmp T_2.3;
T_2.1 ;
    %pushi/vec4 0, 0, 1;
    %assign/vec4 v0x563280caf350_0, 0;
    %jmp T_2.3;
T_2.2 ;
    %pushi/vec4 1, 1, 1;
    %assign/vec4 v0x563280caf350_0, 0;
    %jmp T_2.3;
T_2.3 ;
    %pop/vec4 1;
    %jmp T_2;
    .thread T_2;
    .scope S_0x563280cafa90;
T_3 ;
    %wait E_0x563280c65970;
    %load/vec4 v0x563280cafe50_0;
    %load/vec4 v0x563280caff20_0;
    %concat/vec4; draw_concat_vec4
    %dup/vec4;
    %pushi/vec4 1, 0, 2;
    %cmp/u;
    %jmp/1 T_3.0, 6;
    %dup/vec4;
    %pushi/vec4 2, 0, 2;
    %cmp/u;
    %jmp/1 T_3.1, 6;
    %dup/vec4;
    %pushi/vec4 3, 0, 2;
    %cmp/u;
    %jmp/1 T_3.2, 6;
    %jmp T_3.3;
T_3.0 ;
    %pushi/vec4 1, 0, 1;
    %store/vec4 v0x563280cafd90_0, 0, 1;
    %jmp T_3.3;
T_3.1 ;
    %pushi/vec4 0, 0, 1;
    %store/vec4 v0x563280cafd90_0, 0, 1;
    %jmp T_3.3;
T_3.2 ;
    %pushi/vec4 1, 1, 1;
    %store/vec4 v0x563280cafd90_0, 0, 1;
    %jmp T_3.3;
T_3.3 ;
    %pop/vec4 1;
    %jmp T_3;
    .thread T_3;
    .scope S_0x563280cb0090;
T_4 ;
    %wait E_0x563280c65970;
    %load/vec4 v0x563280cb0470_0;
    %load/vec4 v0x563280cb0540_0;
    %concat/vec4; draw_concat_vec4
    %dup/vec4;
    %pushi/vec4 1, 0, 2;
    %cmp/u;
    %jmp/1 T_4.0, 6;
    %dup/vec4;
    %pushi/vec4 2, 0, 2;
    %cmp/u;
    %jmp/1 T_4.1, 6;
    %dup/vec4;
    %pushi/vec4 3, 0, 2;
    %cmp/u;
    %jmp/1 T_4.2, 6;
    %jmp T_4.3;
T_4.0 ;
    %pushi/vec4 1, 0, 1;
    %store/vec4 v0x563280cb03d0_0, 0, 1;
    %jmp T_4.3;
T_4.1 ;
    %pushi/vec4 0, 0, 1;
    %store/vec4 v0x563280cb03d0_0, 0, 1;
    %jmp T_4.3;
T_4.2 ;
    %pushi/vec4 1, 1, 1;
    %store/vec4 v0x563280cb03d0_0, 0, 1;
    %jmp T_4.3;
T_4.3 ;
    %pop/vec4 1;
    %jmp T_4;
    .thread T_4;
    .scope S_0x563280cb06b0;
T_5 ;
    %wait E_0x563280c65970;
    %load/vec4 v0x563280cb0ae0_0;
    %load/vec4 v0x563280cb0b80_0;
    %concat/vec4; draw_concat_vec4
    %dup/vec4;
    %pushi/vec4 1, 0, 2;
    %cmp/u;
    %jmp/1 T_5.0, 6;
    %dup/vec4;
    %pushi/vec4 2, 0, 2;
    %cmp/u;
    %jmp/1 T_5.1, 6;
    %dup/vec4;
    %pushi/vec4 3, 0, 2;
    %cmp/u;
    %jmp/1 T_5.2, 6;
    %jmp T_5.3;
T_5.0 ;
    %pushi/vec4 1, 0, 1;
    %store/vec4 v0x563280cb0a20_0, 0, 1;
    %jmp T_5.3;
T_5.1 ;
    %pushi/vec4 0, 0, 1;
    %store/vec4 v0x563280cb0a20_0, 0, 1;
    %jmp T_5.3;
T_5.2 ;
    %pushi/vec4 1, 1, 1;
    %store/vec4 v0x563280cb0a20_0, 0, 1;
    %jmp T_5.3;
T_5.3 ;
    %pop/vec4 1;
    %jmp T_5;
    .thread T_5;
    .scope S_0x563280cb0cf0;
T_6 ;
    %wait E_0x563280c65970;
    %load/vec4 v0x563280cb10c0_0;
    %load/vec4 v0x563280cb1190_0;
    %concat/vec4; draw_concat_vec4
    %dup/vec4;
    %pushi/vec4 1, 0, 2;
    %cmp/u;
    %jmp/1 T_6.0, 6;
    %dup/vec4;
    %pushi/vec4 2, 0, 2;
    %cmp/u;
    %jmp/1 T_6.1, 6;
    %dup/vec4;
    %pushi/vec4 3, 0, 2;
    %cmp/u;
    %jmp/1 T_6.2, 6;
    %jmp T_6.3;
T_6.0 ;
    %pushi/vec4 1, 0, 1;
    %store/vec4 v0x563280cb1000_0, 0, 1;
    %jmp T_6.3;
T_6.1 ;
    %pushi/vec4 0, 0, 1;
    %store/vec4 v0x563280cb1000_0, 0, 1;
    %jmp T_6.3;
T_6.2 ;
    %pushi/vec4 1, 1, 1;
    %store/vec4 v0x563280cb1000_0, 0, 1;
    %jmp T_6.3;
T_6.3 ;
    %pop/vec4 1;
    %jmp T_6;
    .thread T_6;
    .scope S_0x563280c85600;
T_7 ;
    %wait E_0x563280c65270;
    %vpi_call/w 3 119 "$display", v0x563280cb2a90_0, v0x563280cb2d30_0 {0 0 0};
    %load/vec4 v0x563280cb2a90_0;
    %pad/u 4;
    %load/vec4 v0x563280cb2d30_0;
    %pad/u 4;
    %add;
    %split/vec4 3;
    %store/vec4 v0x563280cb2b70_0, 0, 3;
    %store/vec4 v0x563280cb2240_0, 0, 1;
    %vpi_call/w 3 121 "$display", v0x563280cb2b70_0, v0x563280cb2d30_0 {0 0 0};
    %pushi/vec4 0, 0, 4;
    %store/vec4 v0x563280cb2320_0, 0, 4;
    %pushi/vec4 0, 0, 1;
    %store/vec4 v0x563280cb2df0_0, 0, 1;
    %pushi/vec4 0, 0, 4;
    %store/vec4 v0x563280cb2400_0, 0, 4;
    %pushi/vec4 0, 0, 1;
    %store/vec4 v0x563280cb2eb0_0, 0, 1;
    %pushi/vec4 0, 0, 4;
    %store/vec4 v0x563280cb24c0_0, 0, 4;
    %pushi/vec4 0, 0, 1;
    %store/vec4 v0x563280cb2f70_0, 0, 1;
    %pushi/vec4 0, 0, 4;
    %store/vec4 v0x563280cb25a0_0, 0, 4;
    %pushi/vec4 0, 0, 1;
    %store/vec4 v0x563280cb3030_0, 0, 1;
    %pushi/vec4 0, 0, 4;
    %store/vec4 v0x563280cb2680_0, 0, 4;
    %pushi/vec4 0, 0, 1;
    %store/vec4 v0x563280cb30f0_0, 0, 1;
    %pushi/vec4 0, 0, 4;
    %store/vec4 v0x563280cb2760_0, 0, 4;
    %pushi/vec4 0, 0, 1;
    %store/vec4 v0x563280cb31b0_0, 0, 1;
    %pushi/vec4 0, 0, 4;
    %store/vec4 v0x563280cb2840_0, 0, 4;
    %pushi/vec4 0, 0, 1;
    %store/vec4 v0x563280cb3270_0, 0, 1;
    %pushi/vec4 0, 0, 4;
    %store/vec4 v0x563280cb2920_0, 0, 4;
    %pushi/vec4 0, 0, 1;
    %store/vec4 v0x563280cb3330_0, 0, 1;
    %load/vec4 v0x563280cb2a90_0;
    %dup/vec4;
    %pushi/vec4 0, 0, 3;
    %cmp/u;
    %jmp/1 T_7.0, 6;
    %dup/vec4;
    %pushi/vec4 1, 0, 3;
    %cmp/u;
    %jmp/1 T_7.1, 6;
    %dup/vec4;
    %pushi/vec4 2, 0, 3;
    %cmp/u;
    %jmp/1 T_7.2, 6;
    %dup/vec4;
    %pushi/vec4 3, 0, 3;
    %cmp/u;
    %jmp/1 T_7.3, 6;
    %dup/vec4;
    %pushi/vec4 4, 0, 3;
    %cmp/u;
    %jmp/1 T_7.4, 6;
    %dup/vec4;
    %pushi/vec4 5, 0, 3;
    %cmp/u;
    %jmp/1 T_7.5, 6;
    %dup/vec4;
    %pushi/vec4 6, 0, 3;
    %cmp/u;
    %jmp/1 T_7.6, 6;
    %dup/vec4;
    %pushi/vec4 7, 0, 3;
    %cmp/u;
    %jmp/1 T_7.7, 6;
    %jmp T_7.8;
T_7.0 ;
    %load/vec4 v0x563280cb2c50_0;
    %store/vec4 v0x563280cb2320_0, 0, 4;
    %pushi/vec4 1, 0, 1;
    %store/vec4 v0x563280cb2df0_0, 0, 1;
    %jmp T_7.8;
T_7.1 ;
    %load/vec4 v0x563280cb2c50_0;
    %store/vec4 v0x563280cb2400_0, 0, 4;
    %pushi/vec4 1, 0, 1;
    %store/vec4 v0x563280cb2eb0_0, 0, 1;
    %jmp T_7.8;
T_7.2 ;
    %load/vec4 v0x563280cb2c50_0;
    %store/vec4 v0x563280cb24c0_0, 0, 4;
    %pushi/vec4 1, 0, 1;
    %store/vec4 v0x563280cb2f70_0, 0, 1;
    %jmp T_7.8;
T_7.3 ;
    %load/vec4 v0x563280cb2c50_0;
    %store/vec4 v0x563280cb25a0_0, 0, 4;
    %pushi/vec4 1, 0, 1;
    %store/vec4 v0x563280cb3030_0, 0, 1;
    %jmp T_7.8;
T_7.4 ;
    %load/vec4 v0x563280cb2c50_0;
    %store/vec4 v0x563280cb2680_0, 0, 4;
    %pushi/vec4 1, 0, 1;
    %store/vec4 v0x563280cb30f0_0, 0, 1;
    %jmp T_7.8;
T_7.5 ;
    %load/vec4 v0x563280cb2c50_0;
    %store/vec4 v0x563280cb2760_0, 0, 4;
    %pushi/vec4 1, 0, 1;
    %store/vec4 v0x563280cb31b0_0, 0, 1;
    %jmp T_7.8;
T_7.6 ;
    %load/vec4 v0x563280cb2c50_0;
    %store/vec4 v0x563280cb2840_0, 0, 4;
    %pushi/vec4 1, 0, 1;
    %store/vec4 v0x563280cb3270_0, 0, 1;
    %jmp T_7.8;
T_7.7 ;
    %load/vec4 v0x563280cb2c50_0;
    %store/vec4 v0x563280cb2920_0, 0, 4;
    %pushi/vec4 1, 0, 1;
    %store/vec4 v0x563280cb3330_0, 0, 1;
    %jmp T_7.8;
T_7.8 ;
    %pop/vec4 1;
    %jmp T_7;
    .thread T_7;
    .scope S_0x563280cb3760;
T_8 ;
    %pushi/vec4 0, 0, 3;
    %store/vec4 v0x563280cb3ef0_0, 0, 3;
    %pushi/vec4 0, 0, 32;
    %store/vec4 v0x563280cb3fd0_0, 0, 32;
T_8.0 ;
    %load/vec4 v0x563280cb3fd0_0;
    %cmpi/s 8, 0, 32;
    %jmp/0xz T_8.1, 5;
    %pushi/vec4 0, 0, 4;
    %ix/getv/s 4, v0x563280cb3fd0_0;
    %store/vec4a v0x563280cb40b0, 4, 0;
    ; show_stmt_assign_vector: Get l-value for compressed += operand
    %load/vec4 v0x563280cb3fd0_0;
    %pushi/vec4 1, 0, 32;
    %add;
    %store/vec4 v0x563280cb3fd0_0, 0, 32;
    %jmp T_8.0;
T_8.1 ;
    %end;
    .thread T_8;
    .scope S_0x563280cb3760;
T_9 ;
    %wait E_0x563280c928b0;
    %load/vec4 v0x563280cb3e30_0;
    %pad/u 32;
    %cmpi/e 1, 0, 32;
    %jmp/0xz  T_9.0, 4;
    %pushi/vec4 0, 0, 32;
    %store/vec4 v0x563280cb3fd0_0, 0, 32;
T_9.2 ;
    %load/vec4 v0x563280cb3fd0_0;
    %cmpi/s 8, 0, 32;
    %jmp/0xz T_9.3, 5;
    %pushi/vec4 0, 0, 4;
    %ix/getv/s 4, v0x563280cb3fd0_0;
    %store/vec4a v0x563280cb40b0, 4, 0;
    ; show_stmt_assign_vector: Get l-value for compressed += operand
    %load/vec4 v0x563280cb3fd0_0;
    %pushi/vec4 1, 0, 32;
    %add;
    %store/vec4 v0x563280cb3fd0_0, 0, 32;
    %jmp T_9.2;
T_9.3 ;
T_9.0 ;
    %load/vec4 v0x563280cb3ad0_0;
    %dup/vec4;
    %pushi/vec4 1, 0, 2;
    %cmp/u;
    %jmp/1 T_9.4, 6;
    %dup/vec4;
    %pushi/vec4 2, 0, 2;
    %cmp/u;
    %jmp/1 T_9.5, 6;
    %dup/vec4;
    %pushi/vec4 3, 0, 2;
    %cmp/u;
    %jmp/1 T_9.6, 6;
    %jmp T_9.7;
T_9.4 ;
    %load/vec4 v0x563280cb3c70_0;
    %load/vec4 v0x563280cb3ef0_0;
    %pad/u 5;
    %ix/vec4 4;
    %store/vec4a v0x563280cb40b0, 4, 0;
    ; show_stmt_assign_vector: Get l-value for compressed += operand
    %load/vec4 v0x563280cb3ef0_0;
    %pushi/vec4 1, 0, 3;
    %add;
    %store/vec4 v0x563280cb3ef0_0, 0, 3;
    %jmp T_9.7;
T_9.5 ;
    ; show_stmt_assign_vector: Get l-value for compressed -= operand
    %load/vec4 v0x563280cb3ef0_0;
    %pushi/vec4 1, 0, 3;
    %sub;
    %store/vec4 v0x563280cb3ef0_0, 0, 3;
    %load/vec4 v0x563280cb3ef0_0;
    %pad/u 5;
    %ix/vec4 4;
    %load/vec4a v0x563280cb40b0, 4;
    %store/vec4 v0x563280cb4170_0, 0, 4;
    %jmp T_9.7;
T_9.6 ;
    %load/vec4 v0x563280cb3ef0_0;
    %pad/u 32;
    %load/vec4 v0x563280cb3bb0_0;
    %pad/u 32;
    %sub;
    %subi 1, 0, 32;
    %ix/vec4 4;
    %load/vec4a v0x563280cb40b0, 4;
    %store/vec4 v0x563280cb4170_0, 0, 4;
    %jmp T_9.7;
T_9.7 ;
    %pop/vec4 1;
    %jmp T_9;
    .thread T_9;
    .scope S_0x563280c62540;
T_10 ;
    %vpi_call/w 4 18 "$dumpfile", "dump.vcd" {0 0 0};
    %vpi_call/w 4 18 "$dumpvars", 32'sb00000000000000000000000000000001, S_0x563280c62540 {0 0 0};
    %vpi_func 4 19 "$value$plusargs" 32, "TIMES=%d", v0x563280cb48c0_0 {0 0 0};
    %nor/r;
    %flag_set/vec4 8;
    %jmp/0xz  T_10.0, 8;
    %pushi/vec4 5, 0, 32;
    %store/vec4 v0x563280cb48c0_0, 0, 32;
T_10.0 ;
    %vpi_func 4 21 "$value$plusargs" 32, "OUTCSV=%s", v0x563280cb46b0_0 {0 0 0};
    %nor/r;
    %flag_set/vec4 8;
    %jmp/0xz  T_10.2, 8;
    %pushi/str "st_stack_b.csv";
    %store/str v0x563280cb46b0_0;
T_10.2 ;
    %vpi_call/w 4 24 "$display", "tb -> %s", v0x563280cb46b0_0 {0 0 0};
    %vpi_call/w 4 25 "$display", "TIMES -> %d", v0x563280cb48c0_0 {0 0 0};
    %vpi_call/w 4 26 "$display", "T\011O_DATA\011RESET\011CLK\011COMMAND\011INDEX\011I_DATA" {0 0 0};
    %vpi_call/w 4 27 "$monitor", "%2d\011%5b\011%3b\011%6b\011%4b\011%4b\011%5b", $time, v0x563280cb4750_0, v0x563280cb47f0_0, v0x563280cb4350_0, v0x563280cb4410_0, v0x563280cb44e0_0, v0x563280cb45e0_0 {0 0 0};
    %vpi_func 4 28 "$fopen" 32, v0x563280cb46b0_0, "w" {0 0 0};
    %store/vec4 v0x563280cb4960_0, 0, 32;
    %vpi_call/w 4 29 "$fdisplay", v0x563280cb4960_0, "T\011O_DATA\011RESET\011CLK\011COMMAND\011INDEX\011I_DATA" {0 0 0};
    %load/vec4 v0x563280cb48c0_0;
    %cmpi/s 8, 0, 32;
    %flag_mov 8, 5;
    %jmp/0 T_10.4, 8;
    %pushi/vec4 8, 0, 32;
    %jmp/1 T_10.5, 8;
T_10.4 ; End of true expr.
    %load/vec4 v0x563280cb48c0_0;
    %jmp/0 T_10.5, 8;
 ; End of false expr.
    %blend;
T_10.5;
    %store/vec4 v0x563280cb4bb0_0, 0, 32;
    %end;
    .thread T_10;
    .scope S_0x563280c62540;
T_11 ;
    %delay 1, 0;
    %load/vec4 v0x563280cb4350_0;
    %inv;
    %store/vec4 v0x563280cb4350_0, 0, 1;
    %jmp T_11;
    .thread T_11;
    .scope S_0x563280c62540;
T_12 ;
    %vpi_call/w 4 36 "$dumpfile", "dump.vcd" {0 0 0};
    %vpi_call/w 4 36 "$dumpvars", 32'sb00000000000000000000000000000001, S_0x563280c62540 {0 0 0};
    %pushi/vec4 0, 0, 1;
    %store/vec4 v0x563280cb4350_0, 0, 1;
    %pushi/vec4 0, 0, 2;
    %store/vec4 v0x563280cb4410_0, 0, 2;
    %pushi/vec4 1, 0, 1;
    %store/vec4 v0x563280cb47f0_0, 0, 1;
    %pushi/vec4 0, 0, 3;
    %store/vec4 v0x563280cb44e0_0, 0, 3;
    %delay 2, 0;
    %pushi/vec4 0, 0, 1;
    %store/vec4 v0x563280cb47f0_0, 0, 1;
    %pushi/vec4 0, 0, 32;
    %store/vec4 v0x563280cb4ad0_0, 0, 32;
T_12.0 ;
    %load/vec4 v0x563280cb4ad0_0;
    %load/vec4 v0x563280cb48c0_0;
    %cmp/s;
    %jmp/0xz T_12.1, 5;
    %delay 2, 0;
    %pushi/vec4 1, 0, 2;
    %store/vec4 v0x563280cb4410_0, 0, 2;
    %delay 0, 0;
    %load/vec4 v0x563280cb4ad0_0;
    %addi 1, 0, 32;
    %pad/s 4;
    %store/vec4 v0x563280cb45e0_0, 0, 4;
    ; show_stmt_assign_vector: Get l-value for compressed += operand
    %load/vec4 v0x563280cb4ad0_0;
    %pushi/vec4 1, 0, 32;
    %add;
    %store/vec4 v0x563280cb4ad0_0, 0, 32;
    %jmp T_12.0;
T_12.1 ;
    %delay 2, 0;
    %pushi/vec4 0, 0, 2;
    %store/vec4 v0x563280cb4410_0, 0, 2;
    %delay 2, 0;
    %pushi/vec4 0, 15, 4;
    %store/vec4 v0x563280cb45e0_0, 0, 4;
    %pushi/vec4 0, 0, 32;
    %store/vec4 v0x563280cb4ad0_0, 0, 32;
T_12.2 ;
    %load/vec4 v0x563280cb4ad0_0;
    %load/vec4 v0x563280cb4bb0_0;
    %cmp/s;
    %jmp/0xz T_12.3, 5;
    %delay 2, 0;
    %pushi/vec4 3, 0, 2;
    %store/vec4 v0x563280cb4410_0, 0, 2;
    %load/vec4 v0x563280cb4ad0_0;
    %pad/s 3;
    %store/vec4 v0x563280cb44e0_0, 0, 3;
    ; show_stmt_assign_vector: Get l-value for compressed += operand
    %load/vec4 v0x563280cb4ad0_0;
    %pushi/vec4 1, 0, 32;
    %add;
    %store/vec4 v0x563280cb4ad0_0, 0, 32;
    %jmp T_12.2;
T_12.3 ;
    %delay 2, 0;
    %pushi/vec4 0, 15, 4;
    %store/vec4 v0x563280cb45e0_0, 0, 4;
    %pushi/vec4 0, 0, 2;
    %store/vec4 v0x563280cb4410_0, 0, 2;
    %pushi/vec4 0, 0, 32;
    %store/vec4 v0x563280cb4ad0_0, 0, 32;
T_12.4 ;
    %load/vec4 v0x563280cb4ad0_0;
    %load/vec4 v0x563280cb48c0_0;
    %cmp/s;
    %jmp/0xz T_12.5, 5;
    %delay 2, 0;
    %pushi/vec4 2, 0, 2;
    %store/vec4 v0x563280cb4410_0, 0, 2;
    %delay 2, 0;
    %pushi/vec4 3, 0, 2;
    %store/vec4 v0x563280cb4410_0, 0, 2;
    %load/vec4 v0x563280cb4ad0_0;
    %pad/s 3;
    %store/vec4 v0x563280cb44e0_0, 0, 3;
    ; show_stmt_assign_vector: Get l-value for compressed += operand
    %load/vec4 v0x563280cb4ad0_0;
    %pushi/vec4 1, 0, 32;
    %add;
    %store/vec4 v0x563280cb4ad0_0, 0, 32;
    %jmp T_12.4;
T_12.5 ;
    %delay 2, 0;
    %pushi/vec4 0, 0, 2;
    %store/vec4 v0x563280cb4410_0, 0, 2;
    %pushi/vec4 1, 0, 1;
    %store/vec4 v0x563280cb47f0_0, 0, 1;
    %delay 2, 0;
    %pushi/vec4 0, 0, 1;
    %store/vec4 v0x563280cb47f0_0, 0, 1;
    %delay 2, 0;
    %pushi/vec4 0, 15, 4;
    %store/vec4 v0x563280cb45e0_0, 0, 4;
    %pushi/vec4 0, 0, 2;
    %store/vec4 v0x563280cb4410_0, 0, 2;
    %pushi/vec4 0, 0, 32;
    %store/vec4 v0x563280cb4ad0_0, 0, 32;
T_12.6 ;
    %load/vec4 v0x563280cb4ad0_0;
    %load/vec4 v0x563280cb48c0_0;
    %cmp/s;
    %jmp/0xz T_12.7, 5;
    %delay 2, 0;
    %pushi/vec4 2, 0, 2;
    %store/vec4 v0x563280cb4410_0, 0, 2;
    ; show_stmt_assign_vector: Get l-value for compressed += operand
    %load/vec4 v0x563280cb4ad0_0;
    %pushi/vec4 1, 0, 32;
    %add;
    %store/vec4 v0x563280cb4ad0_0, 0, 32;
    %jmp T_12.6;
T_12.7 ;
    %vpi_call/w 4 59 "$fclose", v0x563280cb4960_0 {0 0 0};
    %vpi_call/w 4 60 "$finish" {0 0 0};
    %end;
    .thread T_12;
    .scope S_0x563280c62540;
T_13 ;
    %wait E_0x563280c45190;
    %vpi_call/w 4 64 "$fstrobe", v0x563280cb4960_0, "%d\011%b\011%b\011%b\011%b\011%b\011%b", $time, v0x563280cb4750_0, v0x563280cb47f0_0, v0x563280cb4350_0, v0x563280cb4410_0, v0x563280cb44e0_0, v0x563280cb45e0_0 {0 0 0};
    %jmp T_13;
    .thread T_13, $push;
# The file index is used to find the file name in the following table.
:file_names 5;
    "N/A";
    "<interactive>";
    "-";
    "./stack_behaviour.sv";
    "stack_behaviour_lite_tb.sv";
