#! /usr/bin/vvp
:ivl_version "12.0 (stable)";
:ivl_delay_selection "TYPICAL";
:vpi_time_precision + 0;
:vpi_module "/usr/lib64/ivl/system.vpi";
:vpi_module "/usr/lib64/ivl/vhdl_sys.vpi";
:vpi_module "/usr/lib64/ivl/vhdl_textio.vpi";
:vpi_module "/usr/lib64/ivl/v2005_math.vpi";
:vpi_module "/usr/lib64/ivl/va_math.vpi";
:vpi_module "/usr/lib64/ivl/v2009.vpi";
S_0x55de2cffc160 .scope package, "$unit" "$unit" 2 1;
 .timescale 0 0;
S_0x55de2cffc2f0 .scope module, "stack_behaviour_tb" "stack_behaviour_tb" 3 8;
 .timescale 0 0;
v0x55de2d023990_0 .var "CLK", 0 0;
v0x55de2d023a50_0 .var "COMMAND", 1 0;
v0x55de2d023af0_0 .var "INDEX", 2 0;
v0x55de2d023bc0_0 .var "I_DATA", 3 0;
v0x55de2d023c60_0 .var/str "OUTCSV";
RS_0x7f5a192990d8 .resolv tri, v0x55de2d023bc0_0, L_0x55de2d024450;
v0x55de2d023d20_0 .net8 "O_DATA", 3 0, RS_0x7f5a192990d8;  2 drivers
v0x55de2d023de0_0 .var "RESET", 0 0;
v0x55de2d023eb0_0 .var/i "TIMES", 31 0;
v0x55de2d023f50_0 .var/i "fd", 31 0;
v0x55de2d0240c0_0 .var/i "i", 31 0;
v0x55de2d0241a0_0 .var/i "k", 31 0;
E_0x55de2cff49a0 .event anyedge, v0x55de2d022dc0_0;
S_0x55de2cfba650 .scope module, "_stack" "stack_behaviour_normal" 3 16, 4 1 0, S_0x55de2cffc2f0;
 .timescale 0 0;
    .port_info 0 /INOUT 4 "IO_DATA";
    .port_info 1 /INPUT 1 "RESET";
    .port_info 2 /INPUT 1 "CLK";
    .port_info 3 /INPUT 2 "COMMAND";
    .port_info 4 /INPUT 3 "INDEX";
L_0x55de2d024310 .functor AND 1, v0x55de2d023830_0, v0x55de2d023990_0, C4<1>, C4<1>;
v0x55de2d022dc0_0 .net "CLK", 0 0, v0x55de2d023990_0;  1 drivers
v0x55de2d022ea0_0 .net "COMMAND", 1 0, v0x55de2d023a50_0;  1 drivers
v0x55de2d022f80_0 .net "INDEX", 2 0, v0x55de2d023af0_0;  1 drivers
v0x55de2d023040_0 .net8 "IO_DATA", 3 0, RS_0x7f5a192990d8;  alias, 2 drivers
v0x55de2d023120_0 .net "RESET", 0 0, v0x55de2d023de0_0;  1 drivers
v0x55de2d023230_0 .net *"_ivl_0", 0 0, L_0x55de2d024310;  1 drivers
o0x7f5a19299168 .functor BUFZ 4, C4<zzzz>; HiZ drive
; Elide local net with no drivers, v0x55de2d023310_0 name=_ivl_2
v0x55de2d0233f0_0 .var "current_cell", 2 0;
v0x55de2d0234d0_0 .var "current_cell_tmp", 2 0;
v0x55de2d0235b0_0 .var/i "i", 31 0;
v0x55de2d023690 .array "memory_cell", 0 4, 3 0;
v0x55de2d023750_0 .var "out_data", 3 0;
v0x55de2d023830_0 .var "out_en", 0 0;
E_0x55de2cff4ce0 .event posedge, v0x55de2d022dc0_0;
E_0x55de2cff5270 .event anyedge, v0x55de2d023120_0;
L_0x55de2d024450 .functor MUXZ 4, o0x7f5a19299168, v0x55de2d023750_0, L_0x55de2d024310, C4<>;
S_0x55de2cfba820 .scope begin, "$ivl_for_loop0" "$ivl_for_loop0" 4 57, 4 57 0, S_0x55de2cfba650;
 .timescale 0 0;
v0x55de2cfe2a20_0 .var/2s "i", 31 0;
    .scope S_0x55de2cfba650;
T_0 ;
    %pushi/vec4 0, 0, 3;
    %store/vec4 v0x55de2d0233f0_0, 0, 3;
    %pushi/vec4 0, 0, 1;
    %store/vec4 v0x55de2d023830_0, 0, 1;
    %pushi/vec4 0, 0, 32;
    %store/vec4 v0x55de2d0235b0_0, 0, 32;
T_0.0 ;
    %load/vec4 v0x55de2d0235b0_0;
    %cmpi/s 5, 0, 32;
    %jmp/0xz T_0.1, 5;
    %pushi/vec4 0, 0, 4;
    %ix/getv/s 4, v0x55de2d0235b0_0;
    %store/vec4a v0x55de2d023690, 4, 0;
    ; show_stmt_assign_vector: Get l-value for compressed += operand
    %load/vec4 v0x55de2d0235b0_0;
    %pushi/vec4 1, 0, 32;
    %add;
    %store/vec4 v0x55de2d0235b0_0, 0, 32;
    %jmp T_0.0;
T_0.1 ;
    %end;
    .thread T_0;
    .scope S_0x55de2cfba650;
T_1 ;
    %wait E_0x55de2cff5270;
    %load/vec4 v0x55de2d023120_0;
    %pad/u 32;
    %cmpi/e 1, 0, 32;
    %jmp/0xz  T_1.0, 4;
    %pushi/vec4 0, 0, 32;
    %store/vec4 v0x55de2d0235b0_0, 0, 32;
T_1.2 ;
    %load/vec4 v0x55de2d0235b0_0;
    %cmpi/s 5, 0, 32;
    %jmp/0xz T_1.3, 5;
    %pushi/vec4 0, 0, 4;
    %ix/getv/s 4, v0x55de2d0235b0_0;
    %store/vec4a v0x55de2d023690, 4, 0;
    ; show_stmt_assign_vector: Get l-value for compressed += operand
    %load/vec4 v0x55de2d0235b0_0;
    %pushi/vec4 1, 0, 32;
    %add;
    %store/vec4 v0x55de2d0235b0_0, 0, 32;
    %jmp T_1.2;
T_1.3 ;
T_1.0 ;
    %jmp T_1;
    .thread T_1, $push;
    .scope S_0x55de2cfba650;
T_2 ;
    %wait E_0x55de2cff4ce0;
    %load/vec4 v0x55de2d022ea0_0;
    %dup/vec4;
    %pushi/vec4 1, 0, 2;
    %cmp/u;
    %jmp/1 T_2.0, 6;
    %dup/vec4;
    %pushi/vec4 2, 0, 2;
    %cmp/u;
    %jmp/1 T_2.1, 6;
    %dup/vec4;
    %pushi/vec4 3, 0, 2;
    %cmp/u;
    %jmp/1 T_2.2, 6;
    %jmp T_2.3;
T_2.0 ;
    %pushi/vec4 0, 0, 1;
    %store/vec4 v0x55de2d023830_0, 0, 1;
    %load/vec4 v0x55de2d023040_0;
    %load/vec4 v0x55de2d0233f0_0;
    %pad/u 4;
    %ix/vec4 4;
    %store/vec4a v0x55de2d023690, 4, 0;
    ; show_stmt_assign_vector: Get l-value for compressed += operand
    %load/vec4 v0x55de2d0233f0_0;
    %pushi/vec4 1, 0, 3;
    %add;
    %store/vec4 v0x55de2d0233f0_0, 0, 3;
    %load/vec4 v0x55de2d0233f0_0;
    %cmpi/e 5, 0, 3;
    %jmp/0xz  T_2.4, 4;
    %pushi/vec4 0, 0, 3;
    %store/vec4 v0x55de2d0233f0_0, 0, 3;
T_2.4 ;
    %jmp T_2.3;
T_2.1 ;
    %pushi/vec4 1, 0, 1;
    %store/vec4 v0x55de2d023830_0, 0, 1;
    ; show_stmt_assign_vector: Get l-value for compressed -= operand
    %load/vec4 v0x55de2d0233f0_0;
    %pushi/vec4 1, 0, 3;
    %sub;
    %store/vec4 v0x55de2d0233f0_0, 0, 3;
    %load/vec4 v0x55de2d0233f0_0;
    %cmpi/e 7, 0, 3;
    %jmp/0xz  T_2.6, 4;
    %pushi/vec4 4, 0, 3;
    %store/vec4 v0x55de2d0233f0_0, 0, 3;
T_2.6 ;
    %load/vec4 v0x55de2d0233f0_0;
    %pad/u 4;
    %ix/vec4 4;
    %load/vec4a v0x55de2d023690, 4;
    %store/vec4 v0x55de2d023750_0, 0, 4;
    %jmp T_2.3;
T_2.2 ;
    %pushi/vec4 1, 0, 1;
    %store/vec4 v0x55de2d023830_0, 0, 1;
    %load/vec4 v0x55de2d0233f0_0;
    %store/vec4 v0x55de2d0234d0_0, 0, 3;
    %fork t_1, S_0x55de2cfba820;
    %jmp t_0;
    .scope S_0x55de2cfba820;
t_1 ;
    %pushi/vec4 0, 0, 32;
    %store/vec4 v0x55de2cfe2a20_0, 0, 32;
T_2.8 ;
    %load/vec4 v0x55de2cfe2a20_0;
    %load/vec4 v0x55de2d022f80_0;
    %pad/u 32;
    %addi 1, 0, 32;
    %cmp/u;
    %jmp/0xz T_2.9, 5;
    ; show_stmt_assign_vector: Get l-value for compressed -= operand
    %load/vec4 v0x55de2d0234d0_0;
    %pushi/vec4 1, 0, 3;
    %sub;
    %store/vec4 v0x55de2d0234d0_0, 0, 3;
    %load/vec4 v0x55de2d0234d0_0;
    %cmpi/e 7, 0, 3;
    %jmp/0xz  T_2.10, 4;
    %pushi/vec4 4, 0, 3;
    %store/vec4 v0x55de2d0234d0_0, 0, 3;
T_2.10 ;
    ; show_stmt_assign_vector: Get l-value for compressed += operand
    %load/vec4 v0x55de2cfe2a20_0;
    %pushi/vec4 1, 0, 32;
    %add;
    %cast2;
    %store/vec4 v0x55de2cfe2a20_0, 0, 32;
    %jmp T_2.8;
T_2.9 ;
    %end;
    .scope S_0x55de2cfba650;
t_0 %join;
    %load/vec4 v0x55de2d0234d0_0;
    %pad/u 4;
    %ix/vec4 4;
    %load/vec4a v0x55de2d023690, 4;
    %store/vec4 v0x55de2d023750_0, 0, 4;
    %jmp T_2.3;
T_2.3 ;
    %pop/vec4 1;
    %jmp T_2;
    .thread T_2;
    .scope S_0x55de2cffc2f0;
T_3 ;
    %vpi_func 3 19 "$value$plusargs" 32, "TIMES=%d", v0x55de2d023eb0_0 {0 0 0};
    %nor/r;
    %flag_set/vec4 8;
    %jmp/0xz  T_3.0, 8;
    %pushi/vec4 5, 0, 32;
    %store/vec4 v0x55de2d023eb0_0, 0, 32;
T_3.0 ;
    %vpi_func 3 21 "$value$plusargs" 32, "OUTCSV=%s", v0x55de2d023c60_0 {0 0 0};
    %nor/r;
    %flag_set/vec4 8;
    %jmp/0xz  T_3.2, 8;
    %pushi/str "st_stack_b.csv";
    %store/str v0x55de2d023c60_0;
T_3.2 ;
    %vpi_call/w 3 23 "$display", "tb -> %s", v0x55de2d023c60_0 {0 0 0};
    %vpi_call/w 3 24 "$display", "TIMES -> %d", v0x55de2d023eb0_0 {0 0 0};
    %vpi_call/w 3 25 "$display", "T\011O_DATA\011RESET\011CLK\011COMMAND\011INDEX\011I_DATA" {0 0 0};
    %vpi_call/w 3 26 "$monitor", "%2d\011%5b\011%3b\011%6b\011%4b\011%4b\011%5b", $time, v0x55de2d023d20_0, v0x55de2d023de0_0, v0x55de2d023990_0, v0x55de2d023a50_0, v0x55de2d023af0_0, v0x55de2d023bc0_0 {0 0 0};
    %vpi_func 3 27 "$fopen" 32, v0x55de2d023c60_0, "w" {0 0 0};
    %store/vec4 v0x55de2d023f50_0, 0, 32;
    %vpi_call/w 3 28 "$fdisplay", v0x55de2d023f50_0, "T\011O_DATA\011RESET\011CLK\011COMMAND\011INDEX\011I_DATA" {0 0 0};
    %load/vec4 v0x55de2d023eb0_0;
    %cmpi/s 5, 0, 32;
    %flag_mov 8, 5;
    %jmp/0 T_3.4, 8;
    %pushi/vec4 5, 0, 32;
    %jmp/1 T_3.5, 8;
T_3.4 ; End of true expr.
    %load/vec4 v0x55de2d023eb0_0;
    %jmp/0 T_3.5, 8;
 ; End of false expr.
    %blend;
T_3.5;
    %store/vec4 v0x55de2d0241a0_0, 0, 32;
    %end;
    .thread T_3;
    .scope S_0x55de2cffc2f0;
T_4 ;
    %delay 1, 0;
    %load/vec4 v0x55de2d023990_0;
    %inv;
    %store/vec4 v0x55de2d023990_0, 0, 1;
    %jmp T_4;
    .thread T_4;
    .scope S_0x55de2cffc2f0;
T_5 ;
    %pushi/vec4 0, 0, 1;
    %store/vec4 v0x55de2d023990_0, 0, 1;
    %pushi/vec4 0, 0, 2;
    %store/vec4 v0x55de2d023a50_0, 0, 2;
    %pushi/vec4 1, 0, 1;
    %store/vec4 v0x55de2d023de0_0, 0, 1;
    %pushi/vec4 0, 0, 3;
    %store/vec4 v0x55de2d023af0_0, 0, 3;
    %delay 2, 0;
    %pushi/vec4 0, 0, 1;
    %store/vec4 v0x55de2d023de0_0, 0, 1;
    %pushi/vec4 0, 0, 32;
    %store/vec4 v0x55de2d0240c0_0, 0, 32;
T_5.0 ;
    %load/vec4 v0x55de2d0240c0_0;
    %load/vec4 v0x55de2d023eb0_0;
    %cmp/s;
    %jmp/0xz T_5.1, 5;
    %delay 2, 0;
    %pushi/vec4 1, 0, 2;
    %store/vec4 v0x55de2d023a50_0, 0, 2;
    %delay 0, 0;
    %load/vec4 v0x55de2d0240c0_0;
    %addi 1, 0, 32;
    %pad/s 4;
    %store/vec4 v0x55de2d023bc0_0, 0, 4;
    ; show_stmt_assign_vector: Get l-value for compressed += operand
    %load/vec4 v0x55de2d0240c0_0;
    %pushi/vec4 1, 0, 32;
    %add;
    %store/vec4 v0x55de2d0240c0_0, 0, 32;
    %jmp T_5.0;
T_5.1 ;
    %delay 2, 0;
    %pushi/vec4 0, 0, 2;
    %store/vec4 v0x55de2d023a50_0, 0, 2;
    %delay 2, 0;
    %pushi/vec4 0, 15, 4;
    %store/vec4 v0x55de2d023bc0_0, 0, 4;
    %pushi/vec4 0, 0, 32;
    %store/vec4 v0x55de2d0240c0_0, 0, 32;
T_5.2 ;
    %load/vec4 v0x55de2d0240c0_0;
    %load/vec4 v0x55de2d0241a0_0;
    %cmp/s;
    %jmp/0xz T_5.3, 5;
    %delay 2, 0;
    %pushi/vec4 3, 0, 2;
    %store/vec4 v0x55de2d023a50_0, 0, 2;
    %load/vec4 v0x55de2d0240c0_0;
    %pad/s 3;
    %store/vec4 v0x55de2d023af0_0, 0, 3;
    ; show_stmt_assign_vector: Get l-value for compressed += operand
    %load/vec4 v0x55de2d0240c0_0;
    %pushi/vec4 1, 0, 32;
    %add;
    %store/vec4 v0x55de2d0240c0_0, 0, 32;
    %jmp T_5.2;
T_5.3 ;
    %delay 2, 0;
    %pushi/vec4 0, 15, 4;
    %store/vec4 v0x55de2d023bc0_0, 0, 4;
    %pushi/vec4 0, 0, 2;
    %store/vec4 v0x55de2d023a50_0, 0, 2;
    %pushi/vec4 0, 0, 32;
    %store/vec4 v0x55de2d0240c0_0, 0, 32;
T_5.4 ;
    %load/vec4 v0x55de2d0240c0_0;
    %load/vec4 v0x55de2d023eb0_0;
    %cmp/s;
    %jmp/0xz T_5.5, 5;
    %delay 2, 0;
    %pushi/vec4 2, 0, 2;
    %store/vec4 v0x55de2d023a50_0, 0, 2;
    %delay 2, 0;
    %pushi/vec4 3, 0, 2;
    %store/vec4 v0x55de2d023a50_0, 0, 2;
    %load/vec4 v0x55de2d0240c0_0;
    %pad/s 3;
    %store/vec4 v0x55de2d023af0_0, 0, 3;
    ; show_stmt_assign_vector: Get l-value for compressed += operand
    %load/vec4 v0x55de2d0240c0_0;
    %pushi/vec4 1, 0, 32;
    %add;
    %store/vec4 v0x55de2d0240c0_0, 0, 32;
    %jmp T_5.4;
T_5.5 ;
    %delay 2, 0;
    %pushi/vec4 0, 0, 2;
    %store/vec4 v0x55de2d023a50_0, 0, 2;
    %pushi/vec4 1, 0, 1;
    %store/vec4 v0x55de2d023de0_0, 0, 1;
    %delay 2, 0;
    %pushi/vec4 0, 0, 1;
    %store/vec4 v0x55de2d023de0_0, 0, 1;
    %delay 2, 0;
    %pushi/vec4 0, 15, 4;
    %store/vec4 v0x55de2d023bc0_0, 0, 4;
    %pushi/vec4 0, 0, 2;
    %store/vec4 v0x55de2d023a50_0, 0, 2;
    %pushi/vec4 0, 0, 32;
    %store/vec4 v0x55de2d0240c0_0, 0, 32;
T_5.6 ;
    %load/vec4 v0x55de2d0240c0_0;
    %load/vec4 v0x55de2d023eb0_0;
    %cmp/s;
    %jmp/0xz T_5.7, 5;
    %delay 2, 0;
    %pushi/vec4 2, 0, 2;
    %store/vec4 v0x55de2d023a50_0, 0, 2;
    ; show_stmt_assign_vector: Get l-value for compressed += operand
    %load/vec4 v0x55de2d0240c0_0;
    %pushi/vec4 1, 0, 32;
    %add;
    %store/vec4 v0x55de2d0240c0_0, 0, 32;
    %jmp T_5.6;
T_5.7 ;
    %vpi_call/w 3 57 "$fclose", v0x55de2d023f50_0 {0 0 0};
    %vpi_call/w 3 58 "$finish" {0 0 0};
    %end;
    .thread T_5;
    .scope S_0x55de2cffc2f0;
T_6 ;
    %wait E_0x55de2cff49a0;
    %vpi_call/w 3 62 "$fstrobe", v0x55de2d023f50_0, "%d\011%b\011%b\011%b\011%b\011%b\011%b", $time, v0x55de2d023d20_0, v0x55de2d023de0_0, v0x55de2d023990_0, v0x55de2d023a50_0, v0x55de2d023af0_0, v0x55de2d023bc0_0 {0 0 0};
    %jmp T_6;
    .thread T_6, $push;
# The file index is used to find the file name in the following table.
:file_names 5;
    "N/A";
    "<interactive>";
    "-";
    "stack_behaviour_normal_tb.sv";
    "./stack_behaviour.sv";
